{
  "RSpec": {
    "coverage": {
      "/home/studinf/mkrakowiak/rok3/ruby/zaliczenie/lib/bubble.rb": [
        null,
        1,
        8,
        6,
        32,
        32,
        401,
        132,
        132,
        null,
        null,
        32,
        null,
        6,
        null
      ],
      "/home/studinf/mkrakowiak/rok3/ruby/zaliczenie/spec/heap_spec.rb": [
        1,
        1,
        null,
        1,
        null,
        null,
        1,
        1,
        2,
        null,
        1,
        1,
        1,
        1,
        1,
        1,
        1,
        null,
        1,
        1,
        null,
        null
      ],
      "/home/studinf/mkrakowiak/rok3/ruby/zaliczenie/lib/heap.rb": [
        1,
        8,
        8,
        8,
        20,
        null,
        8,
        39,
        39,
        39,
        null,
        8,
        null,
        null,
        1,
        59,
        196,
        98,
        98,
        78,
        78,
        null,
        59,
        null
      ],
      "/home/studinf/mkrakowiak/rok3/ruby/zaliczenie/spec/insertion_spec.rb": [
        1,
        1,
        null,
        1,
        null,
        null,
        1,
        1,
        2,
        null,
        1,
        1,
        1,
        1,
        1,
        1,
        1,
        null,
        1,
        1,
        null,
        null
      ],
      "/home/studinf/mkrakowiak/rok3/ruby/zaliczenie/lib/insertion.rb": [
        1,
        8,
        8,
        null,
        8,
        39,
        39,
        160,
        31,
        31,
        null,
        8,
        8,
        null,
        121,
        null,
        null,
        null,
        8,
        null
      ],
      "/home/studinf/mkrakowiak/rok3/ruby/zaliczenie/spec/merge_spec.rb": [
        1,
        1,
        null,
        1,
        null,
        null,
        1,
        1,
        2,
        null,
        1,
        1,
        1,
        1,
        1,
        1,
        1,
        null,
        1,
        1,
        null,
        null
      ],
      "/home/studinf/mkrakowiak/rok3/ruby/zaliczenie/lib/merge.rb": [
        1,
        86,
        39,
        39,
        null,
        39,
        null,
        null,
        null,
        1,
        39,
        null,
        39,
        null,
        49,
        null,
        55,
        104,
        null,
        null,
        39,
        null
      ],
      "/home/studinf/mkrakowiak/rok3/ruby/zaliczenie/spec/quick_spec.rb": [
        1,
        1,
        null,
        1,
        null,
        null,
        1,
        1,
        2,
        null,
        1,
        1,
        1,
        1,
        1,
        1,
        1,
        null,
        1,
        1,
        null,
        null
      ],
      "/home/studinf/mkrakowiak/rok3/ruby/zaliczenie/lib/quick_2.rb": [
        1,
        62,
        62,
        null,
        null,
        62,
        34,
        null,
        null,
        null,
        null,
        null,
        null,
        28,
        42,
        89,
        null,
        null,
        42,
        null,
        null,
        42,
        14,
        null,
        null,
        null,
        null,
        28,
        null,
        null,
        28,
        28,
        null,
        28,
        null
      ]
    },
    "timestamp": 1448357062
  }
}
